<?xml version="1.0" encoding="UTF-8"?>
<!-- Generated by org.testng.reporters.JUnitReportReporter -->
<testsuite hostname="DESKTOP-FK9IIUI" failures="0" tests="1" name="Day1.FrameDemo" time="27.343" errors="0" timestamp="2021-10-03T20:36:37 IST" skipped="0">
  <testcase classname="Day1.FrameDemo" name="singleFrame" time="27.343"/>
  <system-out/>
</testsuite> <!-- Day1.FrameDemo -->
